============================= test session starts ==============================
platform linux -- Python 3.12.12, pytest-9.0.1, pluggy-1.6.0 -- /home/alarm/miniconda3/envs/foodlog/bin/python3.12
cachedir: .pytest_cache
rootdir: /home/alarm
collecting ... Enumerating HID devices:
{'path': b'2-1:1.0', 'vendor_id': 4120, 'product_id': 4102, 'serial_number': '', 'release_number': 262, 'manufacturer_string': '', 'product_string': '', 'usage_page': 0, 'usage': 0, 'interface_number': 0, 'bus_type': 1}
{'path': b'2-1:1.1', 'vendor_id': 4120, 'product_id': 4102, 'serial_number': '', 'release_number': 262, 'manufacturer_string': '', 'product_string': '', 'usage_page': 0, 'usage': 0, 'interface_number': 1, 'bus_type': 1}
No Dymo scale found.
collected 0 items
INTERNALERROR> Traceback (most recent call last):
INTERNALERROR>   File "/home/alarm/miniconda3/envs/foodlog/lib/python3.12/site-packages/_pytest/main.py", line 318, in wrap_session
INTERNALERROR>     session.exitstatus = doit(config, session) or 0
INTERNALERROR>                          ^^^^^^^^^^^^^^^^^^^^^
INTERNALERROR>   File "/home/alarm/miniconda3/envs/foodlog/lib/python3.12/site-packages/_pytest/main.py", line 371, in _main
INTERNALERROR>     config.hook.pytest_collection(session=session)
INTERNALERROR>   File "/home/alarm/miniconda3/envs/foodlog/lib/python3.12/site-packages/pluggy/_hooks.py", line 512, in __call__
INTERNALERROR>     return self._hookexec(self.name, self._hookimpls.copy(), kwargs, firstresult)
INTERNALERROR>            ^^^^^^^^^^^^^^^^^^^^^^^^^^^^^^^^^^^^^^^^^^^^^^^^^^^^^^^^^^^^^^^^^^^^^^
INTERNALERROR>   File "/home/alarm/miniconda3/envs/foodlog/lib/python3.12/site-packages/pluggy/_manager.py", line 120, in _hookexec
INTERNALERROR>     return self._inner_hookexec(hook_name, methods, kwargs, firstresult)
INTERNALERROR>            ^^^^^^^^^^^^^^^^^^^^^^^^^^^^^^^^^^^^^^^^^^^^^^^^^^^^^^^^^^^^^
INTERNALERROR>   File "/home/alarm/miniconda3/envs/foodlog/lib/python3.12/site-packages/pluggy/_callers.py", line 167, in _multicall
INTERNALERROR>     raise exception
INTERNALERROR>   File "/home/alarm/miniconda3/envs/foodlog/lib/python3.12/site-packages/pluggy/_callers.py", line 139, in _multicall
INTERNALERROR>     teardown.throw(exception)
INTERNALERROR>   File "/home/alarm/miniconda3/envs/foodlog/lib/python3.12/site-packages/_pytest/logging.py", line 788, in pytest_collection
INTERNALERROR>     return (yield)
INTERNALERROR>             ^^^^^
INTERNALERROR>   File "/home/alarm/miniconda3/envs/foodlog/lib/python3.12/site-packages/pluggy/_callers.py", line 139, in _multicall
INTERNALERROR>     teardown.throw(exception)
INTERNALERROR>   File "/home/alarm/miniconda3/envs/foodlog/lib/python3.12/site-packages/_pytest/warnings.py", line 98, in pytest_collection
INTERNALERROR>     return (yield)
INTERNALERROR>             ^^^^^
INTERNALERROR>   File "/home/alarm/miniconda3/envs/foodlog/lib/python3.12/site-packages/pluggy/_callers.py", line 139, in _multicall
INTERNALERROR>     teardown.throw(exception)
INTERNALERROR>   File "/home/alarm/miniconda3/envs/foodlog/lib/python3.12/site-packages/_pytest/config/__init__.py", line 1372, in pytest_collection
INTERNALERROR>     return (yield)
INTERNALERROR>             ^^^^^
INTERNALERROR>   File "/home/alarm/miniconda3/envs/foodlog/lib/python3.12/site-packages/pluggy/_callers.py", line 121, in _multicall
INTERNALERROR>     res = hook_impl.function(*args)
INTERNALERROR>           ^^^^^^^^^^^^^^^^^^^^^^^^^
INTERNALERROR>   File "/home/alarm/miniconda3/envs/foodlog/lib/python3.12/site-packages/_pytest/main.py", line 382, in pytest_collection
INTERNALERROR>     session.perform_collect()
INTERNALERROR>   File "/home/alarm/miniconda3/envs/foodlog/lib/python3.12/site-packages/_pytest/main.py", line 857, in perform_collect
INTERNALERROR>     self.items.extend(self.genitems(node))
INTERNALERROR>   File "/home/alarm/miniconda3/envs/foodlog/lib/python3.12/site-packages/_pytest/main.py", line 1023, in genitems
INTERNALERROR>     yield from self.genitems(subnode)
INTERNALERROR>   File "/home/alarm/miniconda3/envs/foodlog/lib/python3.12/site-packages/_pytest/main.py", line 1023, in genitems
INTERNALERROR>     yield from self.genitems(subnode)
INTERNALERROR>   File "/home/alarm/miniconda3/envs/foodlog/lib/python3.12/site-packages/_pytest/main.py", line 1020, in genitems
INTERNALERROR>     rep, duplicate = self._collect_one_node(node, handle_dupes)
INTERNALERROR>                      ^^^^^^^^^^^^^^^^^^^^^^^^^^^^^^^^^^^^^^^^^^
INTERNALERROR>   File "/home/alarm/miniconda3/envs/foodlog/lib/python3.12/site-packages/_pytest/main.py", line 883, in _collect_one_node
INTERNALERROR>     rep = collect_one_node(node)
INTERNALERROR>           ^^^^^^^^^^^^^^^^^^^^^^
INTERNALERROR>   File "/home/alarm/miniconda3/envs/foodlog/lib/python3.12/site-packages/_pytest/runner.py", line 576, in collect_one_node
INTERNALERROR>     rep: CollectReport = ihook.pytest_make_collect_report(collector=collector)
INTERNALERROR>                          ^^^^^^^^^^^^^^^^^^^^^^^^^^^^^^^^^^^^^^^^^^^^^^^^^^^^^
INTERNALERROR>   File "/home/alarm/miniconda3/envs/foodlog/lib/python3.12/site-packages/pluggy/_hooks.py", line 512, in __call__
INTERNALERROR>     return self._hookexec(self.name, self._hookimpls.copy(), kwargs, firstresult)
INTERNALERROR>            ^^^^^^^^^^^^^^^^^^^^^^^^^^^^^^^^^^^^^^^^^^^^^^^^^^^^^^^^^^^^^^^^^^^^^^
INTERNALERROR>   File "/home/alarm/miniconda3/envs/foodlog/lib/python3.12/site-packages/pluggy/_manager.py", line 120, in _hookexec
INTERNALERROR>     return self._inner_hookexec(hook_name, methods, kwargs, firstresult)
INTERNALERROR>            ^^^^^^^^^^^^^^^^^^^^^^^^^^^^^^^^^^^^^^^^^^^^^^^^^^^^^^^^^^^^^
INTERNALERROR>   File "/home/alarm/miniconda3/envs/foodlog/lib/python3.12/site-packages/pluggy/_callers.py", line 167, in _multicall
INTERNALERROR>     raise exception
INTERNALERROR>   File "/home/alarm/miniconda3/envs/foodlog/lib/python3.12/site-packages/pluggy/_callers.py", line 139, in _multicall
INTERNALERROR>     teardown.throw(exception)
INTERNALERROR>   File "/home/alarm/miniconda3/envs/foodlog/lib/python3.12/site-packages/_pytest/capture.py", line 880, in pytest_make_collect_report
INTERNALERROR>     rep = yield
INTERNALERROR>           ^^^^^
INTERNALERROR>   File "/home/alarm/miniconda3/envs/foodlog/lib/python3.12/site-packages/pluggy/_callers.py", line 121, in _multicall
INTERNALERROR>     res = hook_impl.function(*args)
INTERNALERROR>           ^^^^^^^^^^^^^^^^^^^^^^^^^
INTERNALERROR>   File "/home/alarm/miniconda3/envs/foodlog/lib/python3.12/site-packages/_pytest/runner.py", line 400, in pytest_make_collect_report
INTERNALERROR>     call = CallInfo.from_call(
INTERNALERROR>            ^^^^^^^^^^^^^^^^^^^
INTERNALERROR>   File "/home/alarm/miniconda3/envs/foodlog/lib/python3.12/site-packages/_pytest/runner.py", line 353, in from_call
INTERNALERROR>     result: TResult | None = func()
INTERNALERROR>                              ^^^^^^
INTERNALERROR>   File "/home/alarm/miniconda3/envs/foodlog/lib/python3.12/site-packages/_pytest/runner.py", line 398, in collect
INTERNALERROR>     return list(collector.collect())
INTERNALERROR>                 ^^^^^^^^^^^^^^^^^^^
INTERNALERROR>   File "/home/alarm/miniconda3/envs/foodlog/lib/python3.12/site-packages/_pytest/python.py", line 563, in collect
INTERNALERROR>     self._register_setup_module_fixture()
INTERNALERROR>   File "/home/alarm/miniconda3/envs/foodlog/lib/python3.12/site-packages/_pytest/python.py", line 576, in _register_setup_module_fixture
INTERNALERROR>     self.obj, ("setUpModule", "setup_module")
INTERNALERROR>     ^^^^^^^^
INTERNALERROR>   File "/home/alarm/miniconda3/envs/foodlog/lib/python3.12/site-packages/_pytest/python.py", line 289, in obj
INTERNALERROR>     self._obj = obj = self._getobj()
INTERNALERROR>                       ^^^^^^^^^^^^^^
INTERNALERROR>   File "/home/alarm/miniconda3/envs/foodlog/lib/python3.12/site-packages/_pytest/python.py", line 560, in _getobj
INTERNALERROR>     return importtestmodule(self.path, self.config)
INTERNALERROR>            ^^^^^^^^^^^^^^^^^^^^^^^^^^^^^^^^^^^^^^^^
INTERNALERROR>   File "/home/alarm/miniconda3/envs/foodlog/lib/python3.12/site-packages/_pytest/python.py", line 507, in importtestmodule
INTERNALERROR>     mod = import_path(
INTERNALERROR>           ^^^^^^^^^^^^
INTERNALERROR>   File "/home/alarm/miniconda3/envs/foodlog/lib/python3.12/site-packages/_pytest/pathlib.py", line 587, in import_path
INTERNALERROR>     importlib.import_module(module_name)
INTERNALERROR>   File "/home/alarm/miniconda3/envs/foodlog/lib/python3.12/importlib/__init__.py", line 90, in import_module
INTERNALERROR>     return _bootstrap._gcd_import(name[level:], package, level)
INTERNALERROR>            ^^^^^^^^^^^^^^^^^^^^^^^^^^^^^^^^^^^^^^^^^^^^^^^^^^^^
INTERNALERROR>   File "<frozen importlib._bootstrap>", line 1387, in _gcd_import
INTERNALERROR>   File "<frozen importlib._bootstrap>", line 1360, in _find_and_loadmainloop: caught unexpected SystemExit!

INTERNALERROR>   File "<frozen importlib._bootstrap>", line 1331, in _find_and_load_unlocked
INTERNALERROR>   File "<frozen importlib._bootstrap>", line 935, in _load_unlocked
INTERNALERROR>   File "/home/alarm/miniconda3/envs/foodlog/lib/python3.12/site-packages/_pytest/assertion/rewrite.py", line 197, in exec_module
INTERNALERROR>     exec(co, module.__dict__)
INTERNALERROR>   File "/home/alarm/Downloads/test_dymo_as_alarm.py", line 16, in <module>
INTERNALERROR>     raise SystemExit(1)
INTERNALERROR> SystemExit: 1

============================ no tests ran in 0.16s =============================
